17:18:22,751 TRACE main RealPreciousGems:buildGems:30 - Отбираем камни для ожерелья
17:18:22,757  INFO main Main:main:36 - Это ожерелье из натуральных драгоценных камней.
17:18:22,757  INFO main Main:main:37 - Состав ожерелья[Название: Бриллиант. Цена: 500. Вес: 2. Прозрачность: 1. Цвет: Розовый. Способ огранки: Круглая. Прочность: 5. Страна происхождения: Германия, Название: Сапфир. Цена: 400. Вес: 2. Прозрачность: 3. Цвет: Синий. Способ огранки: Ступенчатай. Прочность: 4. Страна происхождения: Италия, Название: Рубин. Цена: 300. Вес: 2. Прозрачность: 5. Цвет: Красный. Способ огранки: Капельная. Прочность: 4. Страна происхождения: Россия]
17:18:22,758 TRACE main Necklace:totalCost:48 - Вычисляем общую стоимость ожерелья.
17:18:22,759  INFO main Main:main:38 - Общая стоимость ожерелья: 1200
17:18:22,759 TRACE main Necklace:totalWeight:37 - Вычисляем общий вес ожерелья.
17:18:22,761  INFO main Main:main:39 - Общий вес ожерелья: 6.0
17:18:22,761 TRACE main Necklace:sortGemstonesByCost:59 - Сортируем камни в ожерелье по стоимости.
17:18:22,764  INFO main Main:main:42 - Отсортировано по стоимости камней: 
[Название: Рубин. Цена: 300. Вес: 2. Прозрачность: 5. Цвет: Красный. Способ огранки: Капельная. Прочность: 4. Страна происхождения: Россия, Название: Сапфир. Цена: 400. Вес: 2. Прозрачность: 3. Цвет: Синий. Способ огранки: Ступенчатай. Прочность: 4. Страна происхождения: Италия, Название: Бриллиант. Цена: 500. Вес: 2. Прозрачность: 1. Цвет: Розовый. Способ огранки: Круглая. Прочность: 5. Страна происхождения: Германия]
17:18:22,765 TRACE main Necklace:findGemstonesByOpacity:95 - Ищем крайние границы нужной прозрачности.
17:18:22,766 TRACE main Necklace:sortGemstonesByOpacity:77 - Сортируем камни в ожерелье по прозрачности.
17:18:22,768  INFO main Main:main:51 - Заданным условиям прозрачности в ожерелье отвечают следующие камни: 
Название: Сапфир. Цена: 400. Вес: 2. Прозрачность: 3. Цвет: Синий. Способ огранки: Ступенчатай. Прочность: 4. Страна происхождения: Италия
17:22:06,002 TRACE main RealPreciousGems:buildGems:30 - Отбираем камни для ожерелья
17:22:06,008  INFO main Main:main:36 - Это ожерелье из натуральных драгоценных камней.
17:22:06,009  INFO main Main:main:37 - Состав ожерелья[Название: Бриллиант. Цена: 500. Вес: 2. Прозрачность: 1. Цвет: Розовый. Способ огранки: Круглая. Прочность: 5. Страна происхождения: Германия, Название: Сапфир. Цена: 400. Вес: 2. Прозрачность: 3. Цвет: Синий. Способ огранки: Ступенчатай. Прочность: 4. Страна происхождения: Италия, Название: Рубин. Цена: 300. Вес: 2. Прозрачность: 5. Цвет: Красный. Способ огранки: Капельная. Прочность: 4. Страна происхождения: Россия]
17:22:06,014 TRACE main Necklace:totalCost:48 - Вычисляем общую стоимость ожерелья.
17:22:06,015  INFO main Main:main:38 - Общая стоимость ожерелья: 1200
17:22:06,016 TRACE main Necklace:totalWeight:37 - Вычисляем общий вес ожерелья.
17:22:06,017  INFO main Main:main:39 - Общий вес ожерелья: 6.0
17:22:06,017 TRACE main Necklace:sortGemstonesByCost:59 - Сортируем камни в ожерелье по стоимости.
17:22:06,019  INFO main Main:main:42 - Отсортировано по стоимости камней: 
[Название: Рубин. Цена: 300. Вес: 2. Прозрачность: 5. Цвет: Красный. Способ огранки: Капельная. Прочность: 4. Страна происхождения: Россия, Название: Сапфир. Цена: 400. Вес: 2. Прозрачность: 3. Цвет: Синий. Способ огранки: Ступенчатай. Прочность: 4. Страна происхождения: Италия, Название: Бриллиант. Цена: 500. Вес: 2. Прозрачность: 1. Цвет: Розовый. Способ огранки: Круглая. Прочность: 5. Страна происхождения: Германия]
17:22:06,020 TRACE main Necklace:findGemstonesByOpacity:95 - Ищем крайние границы нужной прозрачности.
17:22:06,020 TRACE main Necklace:sortGemstonesByOpacity:77 - Сортируем камни в ожерелье по прозрачности.
17:22:06,024  INFO main Main:main:51 - Заданным условиям прозрачности в ожерелье отвечают следующие камни: 
Название: Сапфир. Цена: 400. Вес: 2. Прозрачность: 3. Цвет: Синий. Способ огранки: Ступенчатай. Прочность: 4. Страна происхождения: Италия
17:24:41,979 TRACE main RealPreciousGemsBuilder:buildGems:30 - Отбираем камни для ожерелья
17:24:42,016  INFO main Main:main:36 - Это ожерелье из натуральных драгоценных камней.
17:24:42,017  INFO main Main:main:37 - Состав ожерелья[Название: Бриллиант. Цена: 500. Вес: 2. Прозрачность: 1. Цвет: Розовый. Способ огранки: Круглая. Прочность: 5. Страна происхождения: Германия, Название: Сапфир. Цена: 400. Вес: 2. Прозрачность: 3. Цвет: Синий. Способ огранки: Ступенчатай. Прочность: 4. Страна происхождения: Италия, Название: Рубин. Цена: 300. Вес: 2. Прозрачность: 5. Цвет: Красный. Способ огранки: Капельная. Прочность: 4. Страна происхождения: Россия]
17:24:42,017 TRACE main Necklace:totalCost:48 - Вычисляем общую стоимость ожерелья.
17:24:42,018  INFO main Main:main:38 - Общая стоимость ожерелья: 1200
17:24:42,019 TRACE main Necklace:totalWeight:37 - Вычисляем общий вес ожерелья.
17:24:42,020  INFO main Main:main:39 - Общий вес ожерелья: 6.0
17:24:42,021 TRACE main Necklace:sortGemstonesByCost:59 - Сортируем камни в ожерелье по стоимости.
17:24:42,023  INFO main Main:main:42 - Отсортировано по стоимости камней: 
[Название: Рубин. Цена: 300. Вес: 2. Прозрачность: 5. Цвет: Красный. Способ огранки: Капельная. Прочность: 4. Страна происхождения: Россия, Название: Сапфир. Цена: 400. Вес: 2. Прозрачность: 3. Цвет: Синий. Способ огранки: Ступенчатай. Прочность: 4. Страна происхождения: Италия, Название: Бриллиант. Цена: 500. Вес: 2. Прозрачность: 1. Цвет: Розовый. Способ огранки: Круглая. Прочность: 5. Страна происхождения: Германия]
17:24:42,023 TRACE main Necklace:findGemstonesByOpacity:95 - Ищем крайние границы нужной прозрачности.
17:24:42,024 TRACE main Necklace:sortGemstonesByOpacity:77 - Сортируем камни в ожерелье по прозрачности.
17:24:42,026  INFO main Main:main:51 - Заданным условиям прозрачности в ожерелье отвечают следующие камни: 
Название: Сапфир. Цена: 400. Вес: 2. Прозрачность: 3. Цвет: Синий. Способ огранки: Ступенчатай. Прочность: 4. Страна происхождения: Италия
17:32:22,809 TRACE main RealPreciousGemsBuilder:buildGems:17 - Отбираем камни для ожерелья
17:32:22,855  INFO main Main:main:36 - Это ожерелье из натуральных драгоценных камней.
17:32:22,863  INFO main Main:main:37 - Состав ожерелья[Название: Бриллиант. Цена: 500. Вес: 2. Прозрачность: 1. Цвет: Розовый. Способ огранки: Круглая. Прочность: 5. Страна происхождения: Германия, Название: Сапфир. Цена: 400. Вес: 2. Прозрачность: 3. Цвет: Синий. Способ огранки: Ступенчатай. Прочность: 4. Страна происхождения: Италия, Название: Рубин. Цена: 300. Вес: 2. Прозрачность: 5. Цвет: Красный. Способ огранки: Капельная. Прочность: 4. Страна происхождения: Россия]
17:32:22,868 TRACE main Necklace:totalCost:48 - Вычисляем общую стоимость ожерелья.
17:32:22,871  INFO main Main:main:38 - Общая стоимость ожерелья: 1200
17:32:22,872 TRACE main Necklace:totalWeight:37 - Вычисляем общий вес ожерелья.
17:32:22,876  INFO main Main:main:39 - Общий вес ожерелья: 6.0
17:32:22,877 TRACE main Necklace:sortGemstonesByCost:59 - Сортируем камни в ожерелье по стоимости.
17:32:22,880  INFO main Main:main:42 - Отсортировано по стоимости камней: 
[Название: Рубин. Цена: 300. Вес: 2. Прозрачность: 5. Цвет: Красный. Способ огранки: Капельная. Прочность: 4. Страна происхождения: Россия, Название: Сапфир. Цена: 400. Вес: 2. Прозрачность: 3. Цвет: Синий. Способ огранки: Ступенчатай. Прочность: 4. Страна происхождения: Италия, Название: Бриллиант. Цена: 500. Вес: 2. Прозрачность: 1. Цвет: Розовый. Способ огранки: Круглая. Прочность: 5. Страна происхождения: Германия]
17:32:22,881 TRACE main Necklace:findGemstonesByOpacity:95 - Ищем крайние границы нужной прозрачности.
17:32:22,882 TRACE main Necklace:sortGemstonesByOpacity:77 - Сортируем камни в ожерелье по прозрачности.
17:32:22,888  INFO main Main:main:51 - Заданным условиям прозрачности в ожерелье отвечают следующие камни: 
Название: Сапфир. Цена: 400. Вес: 2. Прозрачность: 3. Цвет: Синий. Способ огранки: Ступенчатай. Прочность: 4. Страна происхождения: Италия
18:46:44,839 TRACE main RealPreciousGemsBuilder:buildGems:17 - Отбираем камни для ожерелья
18:46:45,006  INFO main Main:main:35 - Это ожерелье из натуральных драгоценных камней.
18:46:45,007  INFO main Main:main:36 - Состав ожерелья[Название: Бриллиант. Цена: 500. Вес: 2. Прозрачность: 1. Цвет: Розовый. Способ огранки: Круглая. Прочность: 5. Страна происхождения: Германия, Название: Сапфир. Цена: 400. Вес: 2. Прозрачность: 3. Цвет: Синий. Способ огранки: Ступенчатай. Прочность: 4. Страна происхождения: Италия, Название: Рубин. Цена: 300. Вес: 2. Прозрачность: 5. Цвет: Красный. Способ огранки: Капельная. Прочность: 4. Страна происхождения: Россия]
18:46:45,008 TRACE main Necklace:totalCost:80 - Вычисляем общую стоимость ожерелья.
18:46:45,009  INFO main Main:main:37 - Общая стоимость ожерелья: 1200
18:46:45,009 TRACE main Necklace:totalWeight:64 - Вычисляем общий вес ожерелья.
18:46:45,010  INFO main Main:main:38 - Общий вес ожерелья: 6
18:46:45,011 TRACE main Necklace:sortGemstonesByCost:94 - Сортируем камни в ожерелье по стоимости.
18:46:45,048  INFO main Main:main:41 - Отсортировано по стоимости камней: 
[Название: Рубин. Цена: 300. Вес: 2. Прозрачность: 5. Цвет: Красный. Способ огранки: Капельная. Прочность: 4. Страна происхождения: Россия, Название: Сапфир. Цена: 400. Вес: 2. Прозрачность: 3. Цвет: Синий. Способ огранки: Ступенчатай. Прочность: 4. Страна происхождения: Италия, Название: Бриллиант. Цена: 500. Вес: 2. Прозрачность: 1. Цвет: Розовый. Способ огранки: Круглая. Прочность: 5. Страна происхождения: Германия]
18:46:45,049 TRACE main Necklace:findGemstonesByOpacity:141 - Ищем крайние границы нужной прозрачности.
18:46:45,049 TRACE main Necklace:sortGemstonesByOpacity:115 - Сортируем камни в ожерелье по прозрачности.
18:46:45,060  INFO main Main:main:50 - Заданным условиям прозрачности в ожерелье отвечают следующие камни: 

18:51:50,350 TRACE main RealPreciousGemsBuilder:buildGems:17 - Отбираем камни для ожерелья
18:51:50,383  INFO main Main:main:35 - Это ожерелье из натуральных драгоценных камней.
18:51:50,384  INFO main Main:main:36 - Состав ожерелья[Название: Бриллиант. Цена: 500. Вес: 2. Прозрачность: 1. Цвет: Розовый. Способ огранки: Круглая. Прочность: 5. Страна происхождения: Германия, Название: Сапфир. Цена: 400. Вес: 2. Прозрачность: 3. Цвет: Синий. Способ огранки: Ступенчатай. Прочность: 4. Страна происхождения: Италия, Название: Рубин. Цена: 300. Вес: 2. Прозрачность: 5. Цвет: Красный. Способ огранки: Капельная. Прочность: 4. Страна происхождения: Россия]
18:51:50,385 TRACE main Necklace:totalCost:80 - Вычисляем общую стоимость ожерелья.
18:51:50,386  INFO main Main:main:37 - Общая стоимость ожерелья: 1200
18:51:50,386 TRACE main Necklace:totalWeight:64 - Вычисляем общий вес ожерелья.
18:51:50,387  INFO main Main:main:38 - Общий вес ожерелья: 6
18:51:50,387 TRACE main Necklace:sortGemstonesByCost:94 - Сортируем камни в ожерелье по стоимости.
18:51:50,389  INFO main Main:main:41 - Отсортировано по стоимости камней: 
[Название: Рубин. Цена: 300. Вес: 2. Прозрачность: 5. Цвет: Красный. Способ огранки: Капельная. Прочность: 4. Страна происхождения: Россия, Название: Сапфир. Цена: 400. Вес: 2. Прозрачность: 3. Цвет: Синий. Способ огранки: Ступенчатай. Прочность: 4. Страна происхождения: Италия, Название: Бриллиант. Цена: 500. Вес: 2. Прозрачность: 1. Цвет: Розовый. Способ огранки: Круглая. Прочность: 5. Страна происхождения: Германия]
18:51:50,390  INFO main Necklace:findGemstonesByOpacity:141 - Ищем крайние границы нужной прозрачности.
18:51:50,390 TRACE main Necklace:sortGemstonesByOpacity:115 - Сортируем камни в ожерелье по прозрачности.
18:51:50,393  INFO main Main:main:50 - Заданным условиям прозрачности в ожерелье отвечают следующие камни: 

18:52:15,246 TRACE main RealPreciousGemsBuilder:buildGems:17 - Отбираем камни для ожерелья
18:52:15,254  INFO main Main:main:35 - Это ожерелье из натуральных драгоценных камней.
18:52:15,255  INFO main Main:main:36 - Состав ожерелья[Название: Бриллиант. Цена: 500. Вес: 2. Прозрачность: 1. Цвет: Розовый. Способ огранки: Круглая. Прочность: 5. Страна происхождения: Германия, Название: Сапфир. Цена: 400. Вес: 2. Прозрачность: 3. Цвет: Синий. Способ огранки: Ступенчатай. Прочность: 4. Страна происхождения: Италия, Название: Рубин. Цена: 300. Вес: 2. Прозрачность: 5. Цвет: Красный. Способ огранки: Капельная. Прочность: 4. Страна происхождения: Россия]
18:52:15,257  INFO main Necklace:totalCost:80 - Вычисляем общую стоимость ожерелья.
18:52:15,258  INFO main Main:main:37 - Общая стоимость ожерелья: 1200
18:52:15,258  INFO main Necklace:totalWeight:64 - Вычисляем общий вес ожерелья.
18:52:15,259  INFO main Main:main:38 - Общий вес ожерелья: 6
18:52:15,260  INFO main Necklace:sortGemstonesByCost:94 - Сортируем камни в ожерелье по стоимости.
18:52:15,262  INFO main Main:main:41 - Отсортировано по стоимости камней: 
[Название: Рубин. Цена: 300. Вес: 2. Прозрачность: 5. Цвет: Красный. Способ огранки: Капельная. Прочность: 4. Страна происхождения: Россия, Название: Сапфир. Цена: 400. Вес: 2. Прозрачность: 3. Цвет: Синий. Способ огранки: Ступенчатай. Прочность: 4. Страна происхождения: Италия, Название: Бриллиант. Цена: 500. Вес: 2. Прозрачность: 1. Цвет: Розовый. Способ огранки: Круглая. Прочность: 5. Страна происхождения: Германия]
18:52:15,263  INFO main Necklace:findGemstonesByOpacity:141 - Ищем крайние границы нужной прозрачности.
18:52:15,263  INFO main Necklace:sortGemstonesByOpacity:115 - Сортируем камни в ожерелье по прозрачности.
18:52:15,268  INFO main Main:main:50 - Заданным условиям прозрачности в ожерелье отвечают следующие камни: 

18:59:13,105 TRACE main RealPreciousGemsBuilder:buildGems:18 - Отбираем камни для ожерелья
18:59:13,119  INFO main Main:main:31 - Это ожерелье из натуральных драгоценных камней.
18:59:13,120  INFO main Main:main:32 - Состав ожерелья[Название: Бриллиант. Цена: 500. Вес: 2. Прозрачность: 1. Цвет: Розовый. Способ огранки: Круглая. Прочность: 5. Страна происхождения: Германия, Название: Сапфир. Цена: 400. Вес: 2. Прозрачность: 3. Цвет: Синий. Способ огранки: Ступенчатай. Прочность: 4. Страна происхождения: Италия, Название: Рубин. Цена: 300. Вес: 2. Прозрачность: 5. Цвет: Красный. Способ огранки: Капельная. Прочность: 4. Страна происхождения: Россия]
18:59:13,121  INFO main Necklace:totalCost:75 - Вычисляем общую стоимость ожерелья.
18:59:13,122  INFO main Main:main:33 - Общая стоимость ожерелья: 1200
18:59:13,122  INFO main Necklace:totalWeight:60 - Вычисляем общий вес ожерелья.
18:59:13,123  INFO main Main:main:34 - Общий вес ожерелья: 6
18:59:13,123  INFO main Necklace:sortGemstonesByCost:89 - Сортируем камни в ожерелье по стоимости.
18:59:13,126  INFO main Main:main:37 - Отсортировано по стоимости камней: 
[Название: Рубин. Цена: 300. Вес: 2. Прозрачность: 5. Цвет: Красный. Способ огранки: Капельная. Прочность: 4. Страна происхождения: Россия, Название: Сапфир. Цена: 400. Вес: 2. Прозрачность: 3. Цвет: Синий. Способ огранки: Ступенчатай. Прочность: 4. Страна происхождения: Италия, Название: Бриллиант. Цена: 500. Вес: 2. Прозрачность: 1. Цвет: Розовый. Способ огранки: Круглая. Прочность: 5. Страна происхождения: Германия]
18:59:13,126  INFO main Necklace:findGemstonesByOpacity:136 - Ищем крайние границы нужной прозрачности.
18:59:13,127  INFO main Necklace:sortGemstonesByOpacity:110 - Сортируем камни в ожерелье по прозрачности.
18:59:13,130  INFO main Main:main:46 - Заданным условиям прозрачности в ожерелье отвечают следующие камни: 

19:08:05,634 TRACE main RealPreciousGemsBuilder:buildGems:26 - Отбираем камни для ожерелья
19:08:05,733  INFO main Main:main:31 - Это ожерелье из натуральных драгоценных камней.
19:08:05,734  INFO main Main:main:32 - Состав ожерелья[Название: Бриллиант. Цена: 500. Вес: 2. Прозрачность: 1. Цвет: Розовый. Способ огранки: Круглая. Прочность: 5. Страна происхождения: Германия, Название: Сапфир. Цена: 400. Вес: 2. Прозрачность: 3. Цвет: Синий. Способ огранки: Ступенчатай. Прочность: 4. Страна происхождения: Италия, Название: Рубин. Цена: 300. Вес: 2. Прозрачность: 5. Цвет: Красный. Способ огранки: Капельная. Прочность: 4. Страна происхождения: Россия]
19:08:05,735  INFO main Necklace:totalCost:75 - Вычисляем общую стоимость ожерелья.
19:08:05,737  INFO main Main:main:33 - Общая стоимость ожерелья: 1200
19:08:05,737  INFO main Necklace:totalWeight:60 - Вычисляем общий вес ожерелья.
19:08:05,738  INFO main Main:main:34 - Общий вес ожерелья: 6
19:08:05,738  INFO main Necklace:sortGemstonesByCost:89 - Сортируем камни в ожерелье по стоимости.
19:08:05,775  INFO main Main:main:37 - Отсортировано по стоимости камней: 
[Название: Рубин. Цена: 300. Вес: 2. Прозрачность: 5. Цвет: Красный. Способ огранки: Капельная. Прочность: 4. Страна происхождения: Россия, Название: Сапфир. Цена: 400. Вес: 2. Прозрачность: 3. Цвет: Синий. Способ огранки: Ступенчатай. Прочность: 4. Страна происхождения: Италия, Название: Бриллиант. Цена: 500. Вес: 2. Прозрачность: 1. Цвет: Розовый. Способ огранки: Круглая. Прочность: 5. Страна происхождения: Германия]
19:08:05,776  INFO main Necklace:findGemstonesByOpacity:136 - Ищем крайние границы нужной прозрачности.
19:08:05,776  INFO main Necklace:sortGemstonesByOpacity:110 - Сортируем камни в ожерелье по прозрачности.
19:08:05,820  INFO main Main:main:46 - Заданным условиям прозрачности в ожерелье отвечают следующие камни: 
[]
19:08:24,814 TRACE main RealPreciousGemsBuilder:buildGems:26 - Отбираем камни для ожерелья
19:08:24,822  INFO main Main:main:31 - Это ожерелье из натуральных драгоценных камней.
19:08:24,823  INFO main Main:main:32 - Состав ожерелья[Название: Бриллиант. Цена: 500. Вес: 2. Прозрачность: 1. Цвет: Розовый. Способ огранки: Круглая. Прочность: 5. Страна происхождения: Германия, Название: Сапфир. Цена: 400. Вес: 2. Прозрачность: 3. Цвет: Синий. Способ огранки: Ступенчатай. Прочность: 4. Страна происхождения: Италия, Название: Рубин. Цена: 300. Вес: 2. Прозрачность: 5. Цвет: Красный. Способ огранки: Капельная. Прочность: 4. Страна происхождения: Россия]
19:08:24,824  INFO main Necklace:totalCost:75 - Вычисляем общую стоимость ожерелья.
19:08:24,825  INFO main Main:main:33 - Общая стоимость ожерелья: 1200
19:08:24,826  INFO main Necklace:totalWeight:60 - Вычисляем общий вес ожерелья.
19:08:24,827  INFO main Main:main:34 - Общий вес ожерелья: 6
19:08:24,828  INFO main Necklace:sortGemstonesByCost:89 - Сортируем камни в ожерелье по стоимости.
19:08:24,831  INFO main Main:main:37 - Отсортировано по стоимости камней: 
[Название: Рубин. Цена: 300. Вес: 2. Прозрачность: 5. Цвет: Красный. Способ огранки: Капельная. Прочность: 4. Страна происхождения: Россия, Название: Сапфир. Цена: 400. Вес: 2. Прозрачность: 3. Цвет: Синий. Способ огранки: Ступенчатай. Прочность: 4. Страна происхождения: Италия, Название: Бриллиант. Цена: 500. Вес: 2. Прозрачность: 1. Цвет: Розовый. Способ огранки: Круглая. Прочность: 5. Страна происхождения: Германия]
19:08:24,831  INFO main Necklace:findGemstonesByOpacity:136 - Ищем крайние границы нужной прозрачности.
19:08:24,832  INFO main Necklace:sortGemstonesByOpacity:110 - Сортируем камни в ожерелье по прозрачности.
19:08:24,835  INFO main Main:main:46 - Заданным условиям прозрачности в ожерелье отвечают следующие камни: 
[]
19:08:44,081 TRACE main RealPreciousGemsBuilder:buildGems:26 - Отбираем камни для ожерелья
19:08:44,088  INFO main Main:main:31 - Это ожерелье из натуральных драгоценных камней.
19:08:44,088  INFO main Main:main:32 - Состав ожерелья[Название: Бриллиант. Цена: 500. Вес: 2. Прозрачность: 1. Цвет: Розовый. Способ огранки: Круглая. Прочность: 5. Страна происхождения: Германия, Название: Сапфир. Цена: 400. Вес: 2. Прозрачность: 3. Цвет: Синий. Способ огранки: Ступенчатай. Прочность: 4. Страна происхождения: Италия, Название: Рубин. Цена: 300. Вес: 2. Прозрачность: 5. Цвет: Красный. Способ огранки: Капельная. Прочность: 4. Страна происхождения: Россия]
19:08:44,089  INFO main Necklace:totalCost:75 - Вычисляем общую стоимость ожерелья.
19:08:44,091  INFO main Main:main:33 - Общая стоимость ожерелья: 1200
19:08:44,091  INFO main Necklace:totalWeight:60 - Вычисляем общий вес ожерелья.
19:08:44,092  INFO main Main:main:34 - Общий вес ожерелья: 6
19:08:44,092  INFO main Necklace:sortGemstonesByCost:89 - Сортируем камни в ожерелье по стоимости.
19:08:44,095  INFO main Main:main:37 - Отсортировано по стоимости камней: 
[Название: Рубин. Цена: 300. Вес: 2. Прозрачность: 5. Цвет: Красный. Способ огранки: Капельная. Прочность: 4. Страна происхождения: Россия, Название: Сапфир. Цена: 400. Вес: 2. Прозрачность: 3. Цвет: Синий. Способ огранки: Ступенчатай. Прочность: 4. Страна происхождения: Италия, Название: Бриллиант. Цена: 500. Вес: 2. Прозрачность: 1. Цвет: Розовый. Способ огранки: Круглая. Прочность: 5. Страна происхождения: Германия]
19:08:44,096  INFO main Necklace:findGemstonesByOpacity:136 - Ищем крайние границы нужной прозрачности.
19:08:44,096  INFO main Necklace:sortGemstonesByOpacity:110 - Сортируем камни в ожерелье по прозрачности.
19:08:44,099  INFO main Main:main:46 - Заданным условиям прозрачности в ожерелье отвечают следующие камни: 

19:15:12,140 TRACE main RealPreciousGemsBuilder:buildGems:26 - Отбираем камни для ожерелья
19:15:12,212  INFO main Main:main:31 - Это ожерелье из натуральных драгоценных камней.
19:15:12,213  INFO main Main:main:32 - Состав ожерелья[Название: Бриллиант. Цена: 500. Вес: 2. Прозрачность: 1. Цвет: Розовый. Способ огранки: Круглая. Прочность: 5. Страна происхождения: Германия, Название: Сапфир. Цена: 400. Вес: 2. Прозрачность: 3. Цвет: Синий. Способ огранки: Ступенчатай. Прочность: 4. Страна происхождения: Италия, Название: Рубин. Цена: 300. Вес: 2. Прозрачность: 5. Цвет: Красный. Способ огранки: Капельная. Прочность: 4. Страна происхождения: Россия]
19:15:12,214  INFO main Necklace:totalCost:75 - Вычисляем общую стоимость ожерелья.
19:15:12,214  INFO main Main:main:33 - Общая стоимость ожерелья: 1200
19:15:12,215  INFO main Necklace:totalWeight:60 - Вычисляем общий вес ожерелья.
19:15:12,215  INFO main Main:main:34 - Общий вес ожерелья: 6
19:15:12,216  INFO main Necklace:sortGemstonesByCost:89 - Сортируем камни в ожерелье по стоимости.
19:15:12,218  INFO main Main:main:37 - Отсортировано по стоимости камней: 
[Название: Рубин. Цена: 300. Вес: 2. Прозрачность: 5. Цвет: Красный. Способ огранки: Капельная. Прочность: 4. Страна происхождения: Россия, Название: Сапфир. Цена: 400. Вес: 2. Прозрачность: 3. Цвет: Синий. Способ огранки: Ступенчатай. Прочность: 4. Страна происхождения: Италия, Название: Бриллиант. Цена: 500. Вес: 2. Прозрачность: 1. Цвет: Розовый. Способ огранки: Круглая. Прочность: 5. Страна происхождения: Германия]
19:15:12,219  INFO main Necklace:findGemstonesByOpacity:136 - Ищем крайние границы нужной прозрачности.
19:15:12,220  INFO main Necklace:sortGemstonesByOpacity:110 - Сортируем камни в ожерелье по прозрачности.
19:15:12,223  INFO main Main:main:47 - Заданным условиям прозрачности в ожерелье отвечают следующие камни: 

19:16:08,191 TRACE main RealPreciousGemsBuilder:buildGems:26 - Отбираем камни для ожерелья
19:16:08,240  INFO main Main:main:31 - Это ожерелье из натуральных драгоценных камней.
19:16:08,241  INFO main Main:main:32 - Состав ожерелья[Название: Бриллиант. Цена: 500. Вес: 2. Прозрачность: 1. Цвет: Розовый. Способ огранки: Круглая. Прочность: 5. Страна происхождения: Германия, Название: Сапфир. Цена: 400. Вес: 2. Прозрачность: 3. Цвет: Синий. Способ огранки: Ступенчатай. Прочность: 4. Страна происхождения: Италия, Название: Рубин. Цена: 300. Вес: 2. Прозрачность: 5. Цвет: Красный. Способ огранки: Капельная. Прочность: 4. Страна происхождения: Россия]
19:16:08,242  INFO main Necklace:totalCost:75 - Вычисляем общую стоимость ожерелья.
19:16:08,244  INFO main Main:main:33 - Общая стоимость ожерелья: 1200
19:16:08,244  INFO main Necklace:totalWeight:60 - Вычисляем общий вес ожерелья.
19:16:08,245  INFO main Main:main:34 - Общий вес ожерелья: 6
19:16:08,245  INFO main Necklace:sortGemstonesByCost:89 - Сортируем камни в ожерелье по стоимости.
19:16:08,248  INFO main Main:main:37 - Отсортировано по стоимости камней: 
[Название: Рубин. Цена: 300. Вес: 2. Прозрачность: 5. Цвет: Красный. Способ огранки: Капельная. Прочность: 4. Страна происхождения: Россия, Название: Сапфир. Цена: 400. Вес: 2. Прозрачность: 3. Цвет: Синий. Способ огранки: Ступенчатай. Прочность: 4. Страна происхождения: Италия, Название: Бриллиант. Цена: 500. Вес: 2. Прозрачность: 1. Цвет: Розовый. Способ огранки: Круглая. Прочность: 5. Страна происхождения: Германия]
19:16:08,248  INFO main Necklace:findGemstonesByOpacity:136 - Ищем крайние границы нужной прозрачности.
19:16:08,249  INFO main Necklace:sortGemstonesByOpacity:110 - Сортируем камни в ожерелье по прозрачности.
19:16:08,251  INFO main Main:main:47 - Заданным условиям прозрачности в ожерелье отвечают следующие камни: 

19:18:10,071 TRACE main RealPreciousGemsBuilder:buildGems:26 - Отбираем камни для ожерелья
19:18:10,120  INFO main Main:main:31 - Это ожерелье из натуральных драгоценных камней.
19:18:10,122  INFO main Main:main:32 - Состав ожерелья[Название: Бриллиант. Цена: 500. Вес: 2. Прозрачность: 1. Цвет: Розовый. Способ огранки: Круглая. Прочность: 5. Страна происхождения: Германия, Название: Сапфир. Цена: 400. Вес: 2. Прозрачность: 3. Цвет: Синий. Способ огранки: Ступенчатай. Прочность: 4. Страна происхождения: Италия, Название: Рубин. Цена: 300. Вес: 2. Прозрачность: 5. Цвет: Красный. Способ огранки: Капельная. Прочность: 4. Страна происхождения: Россия]
19:18:10,122  INFO main Necklace:totalCost:75 - Вычисляем общую стоимость ожерелья.
19:18:10,123  INFO main Main:main:33 - Общая стоимость ожерелья: 1200
19:18:10,124  INFO main Necklace:totalWeight:60 - Вычисляем общий вес ожерелья.
19:18:10,125  INFO main Main:main:34 - Общий вес ожерелья: 6
19:18:10,127  INFO main Necklace:sortGemstonesByCost:89 - Сортируем камни в ожерелье по стоимости.
19:18:10,131  INFO main Main:main:37 - Отсортировано по стоимости камней: 
[Название: Рубин. Цена: 300. Вес: 2. Прозрачность: 5. Цвет: Красный. Способ огранки: Капельная. Прочность: 4. Страна происхождения: Россия, Название: Сапфир. Цена: 400. Вес: 2. Прозрачность: 3. Цвет: Синий. Способ огранки: Ступенчатай. Прочность: 4. Страна происхождения: Италия, Название: Бриллиант. Цена: 500. Вес: 2. Прозрачность: 1. Цвет: Розовый. Способ огранки: Круглая. Прочность: 5. Страна происхождения: Германия]
19:18:10,132  INFO main Necklace:findGemstonesByOpacity:136 - Ищем крайние границы нужной прозрачности.
19:18:10,133  INFO main Necklace:sortGemstonesByOpacity:110 - Сортируем камни в ожерелье по прозрачности.
19:18:10,135  INFO main Main:main:47 - Заданным условиям прозрачности в ожерелье отвечают следующие камни: 
Название: Сапфир. Цена: 400. Вес: 2. Прозрачность: 3. Цвет: Синий. Способ огранки: Ступенчатай. Прочность: 4. Страна происхождения: Италия
19:18:36,474 TRACE main RealPreciousGemsBuilder:buildGems:26 - Отбираем камни для ожерелья
19:18:36,523  INFO main Main:main:31 - Это ожерелье из натуральных драгоценных камней.
19:18:36,524  INFO main Main:main:32 - Состав ожерелья[Название: Бриллиант. Цена: 500. Вес: 2. Прозрачность: 1. Цвет: Розовый. Способ огранки: Круглая. Прочность: 5. Страна происхождения: Германия, Название: Сапфир. Цена: 400. Вес: 2. Прозрачность: 3. Цвет: Синий. Способ огранки: Ступенчатай. Прочность: 4. Страна происхождения: Италия, Название: Рубин. Цена: 300. Вес: 2. Прозрачность: 5. Цвет: Красный. Способ огранки: Капельная. Прочность: 4. Страна происхождения: Россия]
19:18:36,524  INFO main Necklace:totalCost:75 - Вычисляем общую стоимость ожерелья.
19:18:36,525  INFO main Main:main:33 - Общая стоимость ожерелья: 1200
19:18:36,526  INFO main Necklace:totalWeight:60 - Вычисляем общий вес ожерелья.
19:18:36,526  INFO main Main:main:34 - Общий вес ожерелья: 6
19:18:36,527  INFO main Necklace:sortGemstonesByCost:89 - Сортируем камни в ожерелье по стоимости.
19:18:36,529  INFO main Main:main:37 - Отсортировано по стоимости камней: 
[Название: Рубин. Цена: 300. Вес: 2. Прозрачность: 5. Цвет: Красный. Способ огранки: Капельная. Прочность: 4. Страна происхождения: Россия, Название: Сапфир. Цена: 400. Вес: 2. Прозрачность: 3. Цвет: Синий. Способ огранки: Ступенчатай. Прочность: 4. Страна происхождения: Италия, Название: Бриллиант. Цена: 500. Вес: 2. Прозрачность: 1. Цвет: Розовый. Способ огранки: Круглая. Прочность: 5. Страна происхождения: Германия]
19:18:36,529  INFO main Necklace:findGemstonesByOpacity:136 - Ищем крайние границы нужной прозрачности.
19:18:36,530  INFO main Necklace:sortGemstonesByOpacity:110 - Сортируем камни в ожерелье по прозрачности.
19:18:36,537  INFO main Main:main:47 - Заданным условиям прозрачности в ожерелье отвечают следующие камни: 
Название: Сапфир. Цена: 400. Вес: 2. Прозрачность: 3. Цвет: Синий. Способ огранки: Ступенчатай. Прочность: 4. Страна происхождения: Италия
19:22:14,797 TRACE main RealPreciousGemsBuilder:buildGems:26 - Отбираем камни для ожерелья
19:22:14,847  INFO main Main:main:31 - Это ожерелье из натуральных драгоценных камней.
19:22:14,847  INFO main Main:main:32 - Состав ожерелья[Название: Бриллиант. Цена: 500. Вес: 2. Прозрачность: 1. Цвет: Розовый. Способ огранки: Круглая. Прочность: 5. Страна происхождения: Германия, Название: Сапфир. Цена: 400. Вес: 2. Прозрачность: 3. Цвет: Синий. Способ огранки: Ступенчатай. Прочность: 4. Страна происхождения: Италия, Название: Рубин. Цена: 300. Вес: 2. Прозрачность: 5. Цвет: Красный. Способ огранки: Капельная. Прочность: 4. Страна происхождения: Россия]
19:22:14,848  INFO main Necklace:totalCost:75 - Вычисляем общую стоимость ожерелья.
19:22:14,849  INFO main Main:main:33 - Общая стоимость ожерелья: 1200
19:22:14,849  INFO main Necklace:totalWeight:60 - Вычисляем общий вес ожерелья.
19:22:14,850  INFO main Main:main:34 - Общий вес ожерелья: 6
19:22:14,850  INFO main Necklace:sortGemstonesByCost:89 - Сортируем камни в ожерелье по стоимости.
19:22:14,853  INFO main Main:main:37 - Отсортировано по стоимости камней: 
[Название: Рубин. Цена: 300. Вес: 2. Прозрачность: 5. Цвет: Красный. Способ огранки: Капельная. Прочность: 4. Страна происхождения: Россия, Название: Сапфир. Цена: 400. Вес: 2. Прозрачность: 3. Цвет: Синий. Способ огранки: Ступенчатай. Прочность: 4. Страна происхождения: Италия, Название: Бриллиант. Цена: 500. Вес: 2. Прозрачность: 1. Цвет: Розовый. Способ огранки: Круглая. Прочность: 5. Страна происхождения: Германия]
19:22:14,854  INFO main Necklace:findGemstonesByOpacity:136 - Ищем крайние границы нужной прозрачности.
19:22:14,854  INFO main Necklace:sortGemstonesByOpacity:110 - Сортируем камни в ожерелье по прозрачности.
19:22:14,857  INFO main Main:main:39 - Заданным условиям прозрачности в ожерелье отвечают следующие камни: 
Название: Сапфир. Цена: 400. Вес: 2. Прозрачность: 3. Цвет: Синий. Способ огранки: Ступенчатай. Прочность: 4. Страна происхождения: Италия
19:25:39,897 TRACE main RealPreciousGemsBuilder:buildGems:26 - Отбираем камни для ожерелья
19:25:39,947  INFO main Main:main:30 - Это ожерелье из натуральных драгоценных камней.
19:25:39,947  INFO main Main:main:31 - Состав ожерелья[Название: Бриллиант. Цена: 500. Вес: 2. Прозрачность: 1. Цвет: Розовый. Способ огранки: Круглая. Прочность: 5. Страна происхождения: Германия, Название: Сапфир. Цена: 400. Вес: 2. Прозрачность: 3. Цвет: Синий. Способ огранки: Ступенчатай. Прочность: 4. Страна происхождения: Италия, Название: Рубин. Цена: 300. Вес: 2. Прозрачность: 5. Цвет: Красный. Способ огранки: Капельная. Прочность: 4. Страна происхождения: Россия]
19:25:39,948  INFO main Necklace:totalCost:75 - Вычисляем общую стоимость ожерелья.
19:25:39,949  INFO main Main:main:32 - Общая стоимость ожерелья: 1200
19:25:39,950  INFO main Necklace:totalWeight:60 - Вычисляем общий вес ожерелья.
19:25:39,950  INFO main Main:main:33 - Общий вес ожерелья: 6
19:25:39,951  INFO main Necklace:sortGemstonesByCost:89 - Сортируем камни в ожерелье по стоимости.
19:25:39,954  INFO main Main:main:36 - Отсортировано по стоимости камней: 
[Название: Рубин. Цена: 300. Вес: 2. Прозрачность: 5. Цвет: Красный. Способ огранки: Капельная. Прочность: 4. Страна происхождения: Россия, Название: Сапфир. Цена: 400. Вес: 2. Прозрачность: 3. Цвет: Синий. Способ огранки: Ступенчатай. Прочность: 4. Страна происхождения: Италия, Название: Бриллиант. Цена: 500. Вес: 2. Прозрачность: 1. Цвет: Розовый. Способ огранки: Круглая. Прочность: 5. Страна происхождения: Германия]
19:25:39,954  INFO main Necklace:findGemstonesByOpacity:136 - Ищем крайние границы нужной прозрачности.
19:25:39,955  INFO main Necklace:sortGemstonesByOpacity:110 - Сортируем камни в ожерелье по прозрачности.
19:25:39,958  INFO main Main:main:38 - Заданным условиям прозрачности в ожерелье отвечают следующие камни: 
Название: Сапфир. Цена: 400. Вес: 2. Прозрачность: 3. Цвет: Синий. Способ огранки: Ступенчатай. Прочность: 4. Страна происхождения: Италия
19:25:39,959 TRACE main SemiPreciousGemsBuilder:buildGems:31 - Отбираем камни для ожерелья
19:25:39,975  INFO main Main:main:42 - Это ожерелье из полудрагоценных камней.
19:25:39,976  INFO main Main:main:43 - Состав ожерелья[Название: Агат. Цена: 1500. Вес: 6. Прозрачность: 1. Цвет: РозовыйСимволизирует: Здоровье, Название: Опал. Цена: 1400. Вес: 4. Прозрачность: 3. Цвет: СинийСимволизирует: Мудрость, Название: Аметист. Цена: 1300. Вес: 2. Прозрачность: 5. Цвет: ФиолетовыйСимволизирует: Лаконичность]
19:25:39,976  INFO main Necklace:totalCost:75 - Вычисляем общую стоимость ожерелья.
19:25:39,976  INFO main Main:main:44 - Общая стоимость ожерелья: 4200
19:25:39,977  INFO main Necklace:totalWeight:60 - Вычисляем общий вес ожерелья.
19:25:39,978  INFO main Main:main:45 - Общий вес ожерелья: 12
19:25:39,978  INFO main Necklace:sortGemstonesByCost:89 - Сортируем камни в ожерелье по стоимости.
19:25:39,979  INFO main Main:main:48 - Отсортировано по стоимости камней: 
[Название: Агат. Цена: 1500. Вес: 6. Прозрачность: 1. Цвет: РозовыйСимволизирует: Здоровье, Название: Опал. Цена: 1400. Вес: 4. Прозрачность: 3. Цвет: СинийСимволизирует: Мудрость, Название: Аметист. Цена: 1300. Вес: 2. Прозрачность: 5. Цвет: ФиолетовыйСимволизирует: Лаконичность]
19:25:39,979  INFO main Necklace:findGemstonesByOpacity:136 - Ищем крайние границы нужной прозрачности.
19:25:39,980  INFO main Necklace:sortGemstonesByOpacity:110 - Сортируем камни в ожерелье по прозрачности.
19:25:39,980  INFO main Main:main:50 - Заданным условиям прозрачности в ожерелье отвечают следующие камни: 
Название: Агат. Цена: 1500. Вес: 6. Прозрачность: 1. Цвет: РозовыйСимволизирует: Здоровье
19:25:39,981 TRACE main SemiPreciousGemsBuilder:buildGems:26 - Отбираем камни для ожерелья
19:25:39,992  INFO main Main:main:54 - Это ожерелье из искусственных драгоценных камней.
19:25:39,994  INFO main Main:main:55 - Состав ожерелья[Название: Бриллиант. Цена: 500. Вес: 2. Прозрачность: 1. Цвет: Розовый. Способ огранки: Круглая. Прочность: 5Возраст: 10, Название: Сапфир. Цена: 400. Вес: 2. Прозрачность: 3. Цвет: Синий. Способ огранки: Ступенчатай. Прочность: 4Возраст: 5, Название: Рубин. Цена: 300. Вес: 2. Прозрачность: 5. Цвет: Красный. Способ огранки: Капельная. Прочность: 4Возраст: 3]
19:25:39,994  INFO main Necklace:totalCost:75 - Вычисляем общую стоимость ожерелья.
19:25:39,995  INFO main Main:main:56 - Общая стоимость ожерелья: 1200
19:25:39,995  INFO main Necklace:totalWeight:60 - Вычисляем общий вес ожерелья.
19:25:39,997  INFO main Main:main:57 - Общий вес ожерелья: 6
19:25:39,997  INFO main Necklace:sortGemstonesByCost:89 - Сортируем камни в ожерелье по стоимости.
19:25:39,998  INFO main Main:main:60 - Отсортировано по стоимости камней: 
[Название: Бриллиант. Цена: 500. Вес: 2. Прозрачность: 1. Цвет: Розовый. Способ огранки: Круглая. Прочность: 5Возраст: 10, Название: Сапфир. Цена: 400. Вес: 2. Прозрачность: 3. Цвет: Синий. Способ огранки: Ступенчатай. Прочность: 4Возраст: 5, Название: Рубин. Цена: 300. Вес: 2. Прозрачность: 5. Цвет: Красный. Способ огранки: Капельная. Прочность: 4Возраст: 3]
19:25:39,998  INFO main Necklace:findGemstonesByOpacity:136 - Ищем крайние границы нужной прозрачности.
19:25:39,999  INFO main Necklace:sortGemstonesByOpacity:110 - Сортируем камни в ожерелье по прозрачности.
19:25:40,000  INFO main Main:main:62 - Заданным условиям прозрачности в ожерелье отвечают следующие камни: 
Название: Сапфир. Цена: 400. Вес: 2. Прозрачность: 3. Цвет: Синий. Способ огранки: Ступенчатай. Прочность: 4Возраст: 5
19:30:58,454  INFO main RealPreciousGemsBuilder:<init>:20 - НОВОЕ ОЖЕРЕЛЬЕ
19:30:58,501 TRACE main RealPreciousGemsBuilder:buildGems:30 - Отбираем камни для ожерелья
19:30:58,536  INFO main Main:main:30 - Это ожерелье из натуральных драгоценных камней.
19:30:58,537  INFO main Main:main:31 - Состав ожерелья[Название: Бриллиант. Цена: 500. Вес: 2. Прозрачность: 1. Цвет: Розовый. Способ огранки: Круглая. Прочность: 5. Страна происхождения: Германия, Название: Сапфир. Цена: 400. Вес: 2. Прозрачность: 3. Цвет: Синий. Способ огранки: Ступенчатай. Прочность: 4. Страна происхождения: Италия, Название: Рубин. Цена: 300. Вес: 2. Прозрачность: 5. Цвет: Красный. Способ огранки: Капельная. Прочность: 4. Страна происхождения: Россия]
19:30:58,538  INFO main Necklace:totalCost:75 - Вычисляем общую стоимость ожерелья.
19:30:58,538  INFO main Main:main:32 - Общая стоимость ожерелья: 1200
19:30:58,539  INFO main Necklace:totalWeight:60 - Вычисляем общий вес ожерелья.
19:30:58,540  INFO main Main:main:33 - Общий вес ожерелья: 6
19:30:58,540  INFO main Necklace:sortGemstonesByCost:89 - Сортируем камни в ожерелье по стоимости.
19:30:58,578  INFO main Main:main:36 - Отсортировано по стоимости камней: 
[Название: Рубин. Цена: 300. Вес: 2. Прозрачность: 5. Цвет: Красный. Способ огранки: Капельная. Прочность: 4. Страна происхождения: Россия, Название: Сапфир. Цена: 400. Вес: 2. Прозрачность: 3. Цвет: Синий. Способ огранки: Ступенчатай. Прочность: 4. Страна происхождения: Италия, Название: Бриллиант. Цена: 500. Вес: 2. Прозрачность: 1. Цвет: Розовый. Способ огранки: Круглая. Прочность: 5. Страна происхождения: Германия]
19:30:58,579  INFO main Necklace:findGemstonesByOpacity:136 - Ищем крайние границы нужной прозрачности.
19:30:58,580  INFO main Necklace:sortGemstonesByOpacity:110 - Сортируем камни в ожерелье по прозрачности.
19:30:58,624  INFO main Main:main:38 - Заданным условиям прозрачности в ожерелье отвечают следующие камни: 
Название: Сапфир. Цена: 400. Вес: 2. Прозрачность: 3. Цвет: Синий. Способ огранки: Ступенчатай. Прочность: 4. Страна происхождения: Италия
19:30:58,625  INFO main SemiPreciousGemsBuilder:<init>:24 - НОВОЕ ОЖЕРЕЛЬЕ
19:30:58,626 TRACE main SemiPreciousGemsBuilder:buildGems:33 - Отбираем камни для ожерелья
19:30:58,643  INFO main Main:main:42 - Это ожерелье из полудрагоценных камней.
19:30:58,643  INFO main Main:main:43 - Состав ожерелья[Название: Агат. Цена: 1500. Вес: 6. Прозрачность: 1. Цвет: РозовыйСимволизирует: Здоровье, Название: Опал. Цена: 1400. Вес: 4. Прозрачность: 3. Цвет: СинийСимволизирует: Мудрость, Название: Аметист. Цена: 1300. Вес: 2. Прозрачность: 5. Цвет: ФиолетовыйСимволизирует: Лаконичность]
19:30:58,644  INFO main Necklace:totalCost:75 - Вычисляем общую стоимость ожерелья.
19:30:58,644  INFO main Main:main:44 - Общая стоимость ожерелья: 4200
19:30:58,645  INFO main Necklace:totalWeight:60 - Вычисляем общий вес ожерелья.
19:30:58,645  INFO main Main:main:45 - Общий вес ожерелья: 12
19:30:58,646  INFO main Necklace:sortGemstonesByCost:89 - Сортируем камни в ожерелье по стоимости.
19:30:58,646  INFO main Main:main:48 - Отсортировано по стоимости камней: 
[Название: Агат. Цена: 1500. Вес: 6. Прозрачность: 1. Цвет: РозовыйСимволизирует: Здоровье, Название: Опал. Цена: 1400. Вес: 4. Прозрачность: 3. Цвет: СинийСимволизирует: Мудрость, Название: Аметист. Цена: 1300. Вес: 2. Прозрачность: 5. Цвет: ФиолетовыйСимволизирует: Лаконичность]
19:30:58,647  INFO main Necklace:findGemstonesByOpacity:136 - Ищем крайние границы нужной прозрачности.
19:30:58,648  INFO main Necklace:sortGemstonesByOpacity:110 - Сортируем камни в ожерелье по прозрачности.
19:30:58,648  INFO main Main:main:50 - Заданным условиям прозрачности в ожерелье отвечают следующие камни: 
Название: Агат. Цена: 1500. Вес: 6. Прозрачность: 1. Цвет: РозовыйСимволизирует: Здоровье
19:30:58,649  INFO main SemiPreciousGemsBuilder:<init>:20 - НОВОЕ ОЖЕРЕЛЬЕ
19:30:58,649 TRACE main SemiPreciousGemsBuilder:buildGems:30 - Отбираем камни для ожерелья
19:30:58,660  INFO main Main:main:54 - Это ожерелье из искусственных драгоценных камней.
19:30:58,660  INFO main Main:main:55 - Состав ожерелья[Название: Бриллиант. Цена: 500. Вес: 2. Прозрачность: 1. Цвет: Розовый. Способ огранки: Круглая. Прочность: 5Возраст: 10, Название: Сапфир. Цена: 400. Вес: 2. Прозрачность: 3. Цвет: Синий. Способ огранки: Ступенчатай. Прочность: 4Возраст: 5, Название: Рубин. Цена: 300. Вес: 2. Прозрачность: 5. Цвет: Красный. Способ огранки: Капельная. Прочность: 4Возраст: 3]
19:30:58,661  INFO main Necklace:totalCost:75 - Вычисляем общую стоимость ожерелья.
19:30:58,661  INFO main Main:main:56 - Общая стоимость ожерелья: 1200
19:30:58,662  INFO main Necklace:totalWeight:60 - Вычисляем общий вес ожерелья.
19:30:58,662  INFO main Main:main:57 - Общий вес ожерелья: 6
19:30:58,663  INFO main Necklace:sortGemstonesByCost:89 - Сортируем камни в ожерелье по стоимости.
19:30:58,663  INFO main Main:main:60 - Отсортировано по стоимости камней: 
[Название: Бриллиант. Цена: 500. Вес: 2. Прозрачность: 1. Цвет: Розовый. Способ огранки: Круглая. Прочность: 5Возраст: 10, Название: Сапфир. Цена: 400. Вес: 2. Прозрачность: 3. Цвет: Синий. Способ огранки: Ступенчатай. Прочность: 4Возраст: 5, Название: Рубин. Цена: 300. Вес: 2. Прозрачность: 5. Цвет: Красный. Способ огранки: Капельная. Прочность: 4Возраст: 3]
19:30:58,664  INFO main Necklace:findGemstonesByOpacity:136 - Ищем крайние границы нужной прозрачности.
19:30:58,665  INFO main Necklace:sortGemstonesByOpacity:110 - Сортируем камни в ожерелье по прозрачности.
19:30:58,667  INFO main Main:main:62 - Заданным условиям прозрачности в ожерелье отвечают следующие камни: 
Название: Сапфир. Цена: 400. Вес: 2. Прозрачность: 3. Цвет: Синий. Способ огранки: Ступенчатай. Прочность: 4Возраст: 5
19:31:24,547  INFO main RealPreciousGemsBuilder:<init>:20 - 
НОВОЕ ОЖЕРЕЛЬЕ
19:31:24,552 TRACE main RealPreciousGemsBuilder:buildGems:30 - Отбираем камни для ожерелья
19:31:24,556  INFO main Main:main:30 - Это ожерелье из натуральных драгоценных камней.
19:31:24,557  INFO main Main:main:31 - Состав ожерелья[Название: Бриллиант. Цена: 500. Вес: 2. Прозрачность: 1. Цвет: Розовый. Способ огранки: Круглая. Прочность: 5. Страна происхождения: Германия, Название: Сапфир. Цена: 400. Вес: 2. Прозрачность: 3. Цвет: Синий. Способ огранки: Ступенчатай. Прочность: 4. Страна происхождения: Италия, Название: Рубин. Цена: 300. Вес: 2. Прозрачность: 5. Цвет: Красный. Способ огранки: Капельная. Прочность: 4. Страна происхождения: Россия]
19:31:24,558  INFO main Necklace:totalCost:75 - Вычисляем общую стоимость ожерелья.
19:31:24,559  INFO main Main:main:32 - Общая стоимость ожерелья: 1200
19:31:24,559  INFO main Necklace:totalWeight:60 - Вычисляем общий вес ожерелья.
19:31:24,560  INFO main Main:main:33 - Общий вес ожерелья: 6
19:31:24,560  INFO main Necklace:sortGemstonesByCost:89 - Сортируем камни в ожерелье по стоимости.
19:31:24,563  INFO main Main:main:36 - Отсортировано по стоимости камней: 
[Название: Рубин. Цена: 300. Вес: 2. Прозрачность: 5. Цвет: Красный. Способ огранки: Капельная. Прочность: 4. Страна происхождения: Россия, Название: Сапфир. Цена: 400. Вес: 2. Прозрачность: 3. Цвет: Синий. Способ огранки: Ступенчатай. Прочность: 4. Страна происхождения: Италия, Название: Бриллиант. Цена: 500. Вес: 2. Прозрачность: 1. Цвет: Розовый. Способ огранки: Круглая. Прочность: 5. Страна происхождения: Германия]
19:31:24,563  INFO main Necklace:findGemstonesByOpacity:136 - Ищем крайние границы нужной прозрачности.
19:31:24,564  INFO main Necklace:sortGemstonesByOpacity:110 - Сортируем камни в ожерелье по прозрачности.
19:31:24,567  INFO main Main:main:38 - Заданным условиям прозрачности в ожерелье отвечают следующие камни: 
Название: Сапфир. Цена: 400. Вес: 2. Прозрачность: 3. Цвет: Синий. Способ огранки: Ступенчатай. Прочность: 4. Страна происхождения: Италия
19:31:24,569  INFO main SemiPreciousGemsBuilder:<init>:24 - 
НОВОЕ ОЖЕРЕЛЬЕ
19:31:24,570 TRACE main SemiPreciousGemsBuilder:buildGems:33 - Отбираем камни для ожерелья
19:31:24,572  INFO main Main:main:42 - Это ожерелье из полудрагоценных камней.
19:31:24,573  INFO main Main:main:43 - Состав ожерелья[Название: Агат. Цена: 1500. Вес: 6. Прозрачность: 1. Цвет: РозовыйСимволизирует: Здоровье, Название: Опал. Цена: 1400. Вес: 4. Прозрачность: 3. Цвет: СинийСимволизирует: Мудрость, Название: Аметист. Цена: 1300. Вес: 2. Прозрачность: 5. Цвет: ФиолетовыйСимволизирует: Лаконичность]
19:31:24,573  INFO main Necklace:totalCost:75 - Вычисляем общую стоимость ожерелья.
19:31:24,574  INFO main Main:main:44 - Общая стоимость ожерелья: 4200
19:31:24,574  INFO main Necklace:totalWeight:60 - Вычисляем общий вес ожерелья.
19:31:24,575  INFO main Main:main:45 - Общий вес ожерелья: 12
19:31:24,575  INFO main Necklace:sortGemstonesByCost:89 - Сортируем камни в ожерелье по стоимости.
19:31:24,576  INFO main Main:main:48 - Отсортировано по стоимости камней: 
[Название: Агат. Цена: 1500. Вес: 6. Прозрачность: 1. Цвет: РозовыйСимволизирует: Здоровье, Название: Опал. Цена: 1400. Вес: 4. Прозрачность: 3. Цвет: СинийСимволизирует: Мудрость, Название: Аметист. Цена: 1300. Вес: 2. Прозрачность: 5. Цвет: ФиолетовыйСимволизирует: Лаконичность]
19:31:24,576  INFO main Necklace:findGemstonesByOpacity:136 - Ищем крайние границы нужной прозрачности.
19:31:24,577  INFO main Necklace:sortGemstonesByOpacity:110 - Сортируем камни в ожерелье по прозрачности.
19:31:24,578  INFO main Main:main:50 - Заданным условиям прозрачности в ожерелье отвечают следующие камни: 
Название: Агат. Цена: 1500. Вес: 6. Прозрачность: 1. Цвет: РозовыйСимволизирует: Здоровье
19:31:24,579  INFO main SemiPreciousGemsBuilder:<init>:20 - 
НОВОЕ ОЖЕРЕЛЬЕ
19:31:24,580 TRACE main SemiPreciousGemsBuilder:buildGems:30 - Отбираем камни для ожерелья
19:31:24,581  INFO main Main:main:54 - Это ожерелье из искусственных драгоценных камней.
19:31:24,582  INFO main Main:main:55 - Состав ожерелья[Название: Бриллиант. Цена: 500. Вес: 2. Прозрачность: 1. Цвет: Розовый. Способ огранки: Круглая. Прочность: 5Возраст: 10, Название: Сапфир. Цена: 400. Вес: 2. Прозрачность: 3. Цвет: Синий. Способ огранки: Ступенчатай. Прочность: 4Возраст: 5, Название: Рубин. Цена: 300. Вес: 2. Прозрачность: 5. Цвет: Красный. Способ огранки: Капельная. Прочность: 4Возраст: 3]
19:31:24,583  INFO main Necklace:totalCost:75 - Вычисляем общую стоимость ожерелья.
19:31:24,583  INFO main Main:main:56 - Общая стоимость ожерелья: 1200
19:31:24,584  INFO main Necklace:totalWeight:60 - Вычисляем общий вес ожерелья.
19:31:24,585  INFO main Main:main:57 - Общий вес ожерелья: 6
19:31:24,586  INFO main Necklace:sortGemstonesByCost:89 - Сортируем камни в ожерелье по стоимости.
19:31:24,587  INFO main Main:main:60 - Отсортировано по стоимости камней: 
[Название: Бриллиант. Цена: 500. Вес: 2. Прозрачность: 1. Цвет: Розовый. Способ огранки: Круглая. Прочность: 5Возраст: 10, Название: Сапфир. Цена: 400. Вес: 2. Прозрачность: 3. Цвет: Синий. Способ огранки: Ступенчатай. Прочность: 4Возраст: 5, Название: Рубин. Цена: 300. Вес: 2. Прозрачность: 5. Цвет: Красный. Способ огранки: Капельная. Прочность: 4Возраст: 3]
19:31:24,588  INFO main Necklace:findGemstonesByOpacity:136 - Ищем крайние границы нужной прозрачности.
19:31:24,588  INFO main Necklace:sortGemstonesByOpacity:110 - Сортируем камни в ожерелье по прозрачности.
19:31:24,589  INFO main Main:main:62 - Заданным условиям прозрачности в ожерелье отвечают следующие камни: 
Название: Сапфир. Цена: 400. Вес: 2. Прозрачность: 3. Цвет: Синий. Способ огранки: Ступенчатай. Прочность: 4Возраст: 5
19:32:52,786  INFO main RealPreciousGemsBuilder:<init>:23 - 
НОВОЕ ОЖЕРЕЛЬЕ
19:32:52,791 TRACE main RealPreciousGemsBuilder:buildGems:33 - Отбираем камни для ожерелья
19:32:52,795  INFO main Main:main:30 - Это ожерелье из натуральных драгоценных камней.
19:32:52,797  INFO main Main:main:31 - Состав ожерелья[Название: Бриллиант. Цена: 500. Вес: 2. Прозрачность: 1. Цвет: Розовый. Способ огранки: Круглая. Прочность: 5. Страна происхождения: Германия, Название: Сапфир. Цена: 400. Вес: 2. Прозрачность: 3. Цвет: Синий. Способ огранки: Ступенчатай. Прочность: 4. Страна происхождения: Италия, Название: Рубин. Цена: 300. Вес: 2. Прозрачность: 5. Цвет: Красный. Способ огранки: Капельная. Прочность: 4. Страна происхождения: Россия]
19:32:52,798  INFO main Necklace:totalCost:75 - Вычисляем общую стоимость ожерелья.
19:32:52,799  INFO main Main:main:32 - Общая стоимость ожерелья: 1200
19:32:52,803  INFO main Necklace:totalWeight:60 - Вычисляем общий вес ожерелья.
19:32:52,806  INFO main Main:main:33 - Общий вес ожерелья: 6
19:32:52,806  INFO main Necklace:sortGemstonesByCost:89 - Сортируем камни в ожерелье по стоимости.
19:32:52,809  INFO main Main:main:36 - Отсортировано по стоимости камней: 
[Название: Рубин. Цена: 300. Вес: 2. Прозрачность: 5. Цвет: Красный. Способ огранки: Капельная. Прочность: 4. Страна происхождения: Россия, Название: Сапфир. Цена: 400. Вес: 2. Прозрачность: 3. Цвет: Синий. Способ огранки: Ступенчатай. Прочность: 4. Страна происхождения: Италия, Название: Бриллиант. Цена: 500. Вес: 2. Прозрачность: 1. Цвет: Розовый. Способ огранки: Круглая. Прочность: 5. Страна происхождения: Германия]
19:32:52,810  INFO main Necklace:findGemstonesByOpacity:136 - Ищем крайние границы нужной прозрачности.
19:32:52,812  INFO main Necklace:sortGemstonesByOpacity:110 - Сортируем камни в ожерелье по прозрачности.
19:32:52,817  INFO main Main:main:38 - Заданным условиям прозрачности в ожерелье отвечают следующие камни: 
Название: Сапфир. Цена: 400. Вес: 2. Прозрачность: 3. Цвет: Синий. Способ огранки: Ступенчатай. Прочность: 4. Страна происхождения: Италия
19:32:52,821  INFO main SemiPreciousGemsBuilder:<init>:28 - 
НОВОЕ ОЖЕРЕЛЬЕ
19:32:52,823 TRACE main SemiPreciousGemsBuilder:buildGems:38 - Отбираем камни для ожерелья
19:32:52,824  INFO main Main:main:42 - Это ожерелье из полудрагоценных камней.
19:32:52,825  INFO main Main:main:43 - Состав ожерелья[Название: Агат. Цена: 1500. Вес: 6. Прозрачность: 1. Цвет: РозовыйСимволизирует: Здоровье, Название: Опал. Цена: 1400. Вес: 4. Прозрачность: 3. Цвет: СинийСимволизирует: Мудрость, Название: Аметист. Цена: 1300. Вес: 2. Прозрачность: 5. Цвет: ФиолетовыйСимволизирует: Лаконичность]
19:32:52,826  INFO main Necklace:totalCost:75 - Вычисляем общую стоимость ожерелья.
19:32:52,826  INFO main Main:main:44 - Общая стоимость ожерелья: 4200
19:32:52,827  INFO main Necklace:totalWeight:60 - Вычисляем общий вес ожерелья.
19:32:52,827  INFO main Main:main:45 - Общий вес ожерелья: 12
19:32:52,828  INFO main Necklace:sortGemstonesByCost:89 - Сортируем камни в ожерелье по стоимости.
19:32:52,829  INFO main Main:main:48 - Отсортировано по стоимости камней: 
[Название: Агат. Цена: 1500. Вес: 6. Прозрачность: 1. Цвет: РозовыйСимволизирует: Здоровье, Название: Опал. Цена: 1400. Вес: 4. Прозрачность: 3. Цвет: СинийСимволизирует: Мудрость, Название: Аметист. Цена: 1300. Вес: 2. Прозрачность: 5. Цвет: ФиолетовыйСимволизирует: Лаконичность]
19:32:52,830  INFO main Necklace:findGemstonesByOpacity:136 - Ищем крайние границы нужной прозрачности.
19:32:52,830  INFO main Necklace:sortGemstonesByOpacity:110 - Сортируем камни в ожерелье по прозрачности.
19:32:52,831  INFO main Main:main:50 - Заданным условиям прозрачности в ожерелье отвечают следующие камни: 
Название: Агат. Цена: 1500. Вес: 6. Прозрачность: 1. Цвет: РозовыйСимволизирует: Здоровье
19:32:52,832  INFO main SemiPreciousGemsBuilder:<init>:23 - 
НОВОЕ ОЖЕРЕЛЬЕ
19:32:52,832 TRACE main SemiPreciousGemsBuilder:buildGems:33 - Отбираем камни для ожерелья
19:32:52,834  INFO main Main:main:54 - Это ожерелье из искусственных драгоценных камней.
19:32:52,835  INFO main Main:main:55 - Состав ожерелья[Название: Бриллиант. Цена: 500. Вес: 2. Прозрачность: 1. Цвет: Розовый. Способ огранки: Круглая. Прочность: 5Возраст: 10, Название: Сапфир. Цена: 400. Вес: 2. Прозрачность: 3. Цвет: Синий. Способ огранки: Ступенчатай. Прочность: 4Возраст: 5, Название: Рубин. Цена: 300. Вес: 2. Прозрачность: 5. Цвет: Красный. Способ огранки: Капельная. Прочность: 4Возраст: 3]
19:32:52,835  INFO main Necklace:totalCost:75 - Вычисляем общую стоимость ожерелья.
19:32:52,836  INFO main Main:main:56 - Общая стоимость ожерелья: 1200
19:32:52,836  INFO main Necklace:totalWeight:60 - Вычисляем общий вес ожерелья.
19:32:52,837  INFO main Main:main:57 - Общий вес ожерелья: 6
19:32:52,838  INFO main Necklace:sortGemstonesByCost:89 - Сортируем камни в ожерелье по стоимости.
19:32:52,838  INFO main Main:main:60 - Отсортировано по стоимости камней: 
[Название: Бриллиант. Цена: 500. Вес: 2. Прозрачность: 1. Цвет: Розовый. Способ огранки: Круглая. Прочность: 5Возраст: 10, Название: Сапфир. Цена: 400. Вес: 2. Прозрачность: 3. Цвет: Синий. Способ огранки: Ступенчатай. Прочность: 4Возраст: 5, Название: Рубин. Цена: 300. Вес: 2. Прозрачность: 5. Цвет: Красный. Способ огранки: Капельная. Прочность: 4Возраст: 3]
19:32:52,839  INFO main Necklace:findGemstonesByOpacity:136 - Ищем крайние границы нужной прозрачности.
19:32:52,853  INFO main Necklace:sortGemstonesByOpacity:110 - Сортируем камни в ожерелье по прозрачности.
19:32:52,858  INFO main Main:main:62 - Заданным условиям прозрачности в ожерелье отвечают следующие камни: 
Название: Сапфир. Цена: 400. Вес: 2. Прозрачность: 3. Цвет: Синий. Способ огранки: Ступенчатай. Прочность: 4Возраст: 5
19:33:27,961  INFO main RealPreciousGemsBuilder:<init>:23 - 
НОВОЕ ОЖЕРЕЛЬЕ
19:33:27,965 TRACE main RealPreciousGemsBuilder:buildGems:33 - Отбираем камни для ожерелья
19:33:27,980  INFO main Main:main:30 - Это ожерелье из натуральных драгоценных камней.
19:33:27,980  INFO main Main:main:31 - Состав ожерелья[Название: Бриллиант. Цена: 500. Вес: 2. Прозрачность: 1. Цвет: Розовый. Способ огранки: Круглая. Прочность: 5. Страна происхождения: Германия, Название: Сапфир. Цена: 400. Вес: 2. Прозрачность: 3. Цвет: Синий. Способ огранки: Ступенчатай. Прочность: 4. Страна происхождения: Италия, Название: Рубин. Цена: 300. Вес: 2. Прозрачность: 5. Цвет: Красный. Способ огранки: Капельная. Прочность: 4. Страна происхождения: Россия]
19:33:27,981  INFO main Necklace:totalCost:75 - Вычисляем общую стоимость ожерелья.
19:33:27,982  INFO main Main:main:32 - Общая стоимость ожерелья: 1200
19:33:27,982  INFO main Necklace:totalWeight:60 - Вычисляем общий вес ожерелья.
19:33:27,983  INFO main Main:main:33 - Общий вес ожерелья: 6
19:33:27,983  INFO main Necklace:sortGemstonesByCost:89 - Сортируем камни в ожерелье по стоимости.
19:33:27,986  INFO main Main:main:36 - Отсортировано по стоимости камней: 
[Название: Рубин. Цена: 300. Вес: 2. Прозрачность: 5. Цвет: Красный. Способ огранки: Капельная. Прочность: 4. Страна происхождения: Россия, Название: Сапфир. Цена: 400. Вес: 2. Прозрачность: 3. Цвет: Синий. Способ огранки: Ступенчатай. Прочность: 4. Страна происхождения: Италия, Название: Бриллиант. Цена: 500. Вес: 2. Прозрачность: 1. Цвет: Розовый. Способ огранки: Круглая. Прочность: 5. Страна происхождения: Германия]
19:33:27,986  INFO main Necklace:findGemstonesByOpacity:136 - Ищем крайние границы нужной прозрачности.
19:33:27,987  INFO main Necklace:sortGemstonesByOpacity:110 - Сортируем камни в ожерелье по прозрачности.
19:33:27,990  INFO main Main:main:38 - Заданным условиям прозрачности в ожерелье отвечают следующие камни: 
Название: Сапфир. Цена: 400. Вес: 2. Прозрачность: 3. Цвет: Синий. Способ огранки: Ступенчатай. Прочность: 4. Страна происхождения: Италия
19:33:27,991  INFO main SemiPreciousGemsBuilder:<init>:28 - 
НОВОЕ ОЖЕРЕЛЬЕ
19:33:27,991 TRACE main SemiPreciousGemsBuilder:buildGems:38 - Отбираем камни для ожерелья
19:33:27,993  INFO main Main:main:42 - Это ожерелье из полудрагоценных камней.
19:33:27,994  INFO main Main:main:43 - Состав ожерелья[Название: Агат. Цена: 1500. Вес: 6. Прозрачность: 1. Цвет: РозовыйСимволизирует: Здоровье, Название: Опал. Цена: 1400. Вес: 4. Прозрачность: 3. Цвет: СинийСимволизирует: Мудрость, Название: Аметист. Цена: 1300. Вес: 2. Прозрачность: 5. Цвет: ФиолетовыйСимволизирует: Лаконичность]
19:33:27,995  INFO main Necklace:totalCost:75 - Вычисляем общую стоимость ожерелья.
19:33:27,995  INFO main Main:main:44 - Общая стоимость ожерелья: 4200
19:33:27,996  INFO main Necklace:totalWeight:60 - Вычисляем общий вес ожерелья.
19:33:27,996  INFO main Main:main:45 - Общий вес ожерелья: 12
19:33:27,997  INFO main Necklace:sortGemstonesByCost:89 - Сортируем камни в ожерелье по стоимости.
19:33:27,997  INFO main Main:main:48 - Отсортировано по стоимости камней: 
[Название: Агат. Цена: 1500. Вес: 6. Прозрачность: 1. Цвет: РозовыйСимволизирует: Здоровье, Название: Опал. Цена: 1400. Вес: 4. Прозрачность: 3. Цвет: СинийСимволизирует: Мудрость, Название: Аметист. Цена: 1300. Вес: 2. Прозрачность: 5. Цвет: ФиолетовыйСимволизирует: Лаконичность]
19:33:27,998  INFO main Necklace:findGemstonesByOpacity:136 - Ищем крайние границы нужной прозрачности.
19:33:27,999  INFO main Necklace:sortGemstonesByOpacity:110 - Сортируем камни в ожерелье по прозрачности.
19:33:27,999  INFO main Main:main:50 - Заданным условиям прозрачности в ожерелье отвечают следующие камни: 
Название: Агат. Цена: 1500. Вес: 6. Прозрачность: 1. Цвет: РозовыйСимволизирует: Здоровье
19:33:28,000  INFO main SemiPreciousGemsBuilder:<init>:23 - 
НОВОЕ ОЖЕРЕЛЬЕ
19:33:28,007 TRACE main SemiPreciousGemsBuilder:buildGems:33 - Отбираем камни для ожерелья
19:33:28,009  INFO main Main:main:54 - Это ожерелье из искусственных драгоценных камней.
19:33:28,010  INFO main Main:main:55 - Состав ожерелья[Название: Бриллиант. Цена: 2500. Вес: 2. Прозрачность: 1. Цвет: Розовый. Способ огранки: Круглая. Прочность: 5Возраст: 10, Название: Сапфир. Цена: 2400. Вес: 2. Прозрачность: 3. Цвет: Синий. Способ огранки: Ступенчатай. Прочность: 4Возраст: 5, Название: Рубин. Цена: 2300. Вес: 2. Прозрачность: 5. Цвет: Красный. Способ огранки: Капельная. Прочность: 4Возраст: 3]
19:33:28,011  INFO main Necklace:totalCost:75 - Вычисляем общую стоимость ожерелья.
19:33:28,011  INFO main Main:main:56 - Общая стоимость ожерелья: 7200
19:33:28,012  INFO main Necklace:totalWeight:60 - Вычисляем общий вес ожерелья.
19:33:28,013  INFO main Main:main:57 - Общий вес ожерелья: 6
19:33:28,013  INFO main Necklace:sortGemstonesByCost:89 - Сортируем камни в ожерелье по стоимости.
19:33:28,014  INFO main Main:main:60 - Отсортировано по стоимости камней: 
[Название: Бриллиант. Цена: 2500. Вес: 2. Прозрачность: 1. Цвет: Розовый. Способ огранки: Круглая. Прочность: 5Возраст: 10, Название: Сапфир. Цена: 2400. Вес: 2. Прозрачность: 3. Цвет: Синий. Способ огранки: Ступенчатай. Прочность: 4Возраст: 5, Название: Рубин. Цена: 2300. Вес: 2. Прозрачность: 5. Цвет: Красный. Способ огранки: Капельная. Прочность: 4Возраст: 3]
19:33:28,014  INFO main Necklace:findGemstonesByOpacity:136 - Ищем крайние границы нужной прозрачности.
19:33:28,015  INFO main Necklace:sortGemstonesByOpacity:110 - Сортируем камни в ожерелье по прозрачности.
19:33:28,016  INFO main Main:main:62 - Заданным условиям прозрачности в ожерелье отвечают следующие камни: 
Название: Сапфир. Цена: 2400. Вес: 2. Прозрачность: 3. Цвет: Синий. Способ огранки: Ступенчатай. Прочность: 4Возраст: 5
19:54:33,918  INFO main RealPreciousGemsBuilder:<init>:23 - 
НОВОЕ ОЖЕРЕЛЬЕ
19:54:33,953 TRACE main RealPreciousGemsBuilder:buildGems:33 - Отбираем камни для ожерелья
19:54:33,956  INFO main Main:main:30 - Это ожерелье из натуральных драгоценных камней.
19:54:33,957  INFO main Main:main:31 - Состав ожерелья[Название: Бриллиант. Цена: 500. Вес: 2. Прозрачность: 1. Цвет: Розовый. Способ огранки: Круглая. Прочность: 5. Страна происхождения: Германия, Название: Сапфир. Цена: 400. Вес: 2. Прозрачность: 3. Цвет: Синий. Способ огранки: Ступенчатай. Прочность: 4. Страна происхождения: Италия, Название: Рубин. Цена: 300. Вес: 2. Прозрачность: 5. Цвет: Красный. Способ огранки: Капельная. Прочность: 4. Страна происхождения: Россия]
19:54:33,957  INFO main Necklace:totalCost:75 - Вычисляем общую стоимость ожерелья.
19:54:33,958  INFO main Main:main:32 - Общая стоимость ожерелья: 1200
19:54:33,959  INFO main Necklace:totalWeight:60 - Вычисляем общий вес ожерелья.
19:54:33,959  INFO main Main:main:33 - Общий вес ожерелья: 6
19:54:33,960  INFO main Necklace:sortGemstonesByCost:89 - Сортируем камни в ожерелье по стоимости.
19:54:33,962  INFO main Main:main:36 - Отсортировано по стоимости камней: 
[Название: Рубин. Цена: 300. Вес: 2. Прозрачность: 5. Цвет: Красный. Способ огранки: Капельная. Прочность: 4. Страна происхождения: Россия, Название: Сапфир. Цена: 400. Вес: 2. Прозрачность: 3. Цвет: Синий. Способ огранки: Ступенчатай. Прочность: 4. Страна происхождения: Италия, Название: Бриллиант. Цена: 500. Вес: 2. Прозрачность: 1. Цвет: Розовый. Способ огранки: Круглая. Прочность: 5. Страна происхождения: Германия]
19:54:33,962 DEBUG main Necklace:collectByOpacity:205 - Границы прозрачности от 2 до 4
19:54:33,963  INFO main Necklace:findGemstonesByOpacity:136 - Ищем крайние границы нужной прозрачности.
19:54:33,963  INFO main Necklace:sortGemstonesByOpacity:110 - Сортируем камни в ожерелье по прозрачности.
19:54:33,966  INFO main Main:main:38 - Заданным условиям прозрачности в ожерелье отвечают следующие камни: 
Название: Сапфир. Цена: 400. Вес: 2. Прозрачность: 3. Цвет: Синий. Способ огранки: Ступенчатай. Прочность: 4. Страна происхождения: Италия
19:54:33,967  INFO main SemiPreciousGemsBuilder:<init>:28 - 
НОВОЕ ОЖЕРЕЛЬЕ
19:54:33,967 TRACE main SemiPreciousGemsBuilder:buildGems:38 - Отбираем камни для ожерелья
19:54:33,969  INFO main Main:main:42 - Это ожерелье из полудрагоценных камней.
19:54:33,969  INFO main Main:main:43 - Состав ожерелья[Название: Агат. Цена: 1500. Вес: 6. Прозрачность: 1. Цвет: РозовыйСимволизирует: Здоровье, Название: Опал. Цена: 1400. Вес: 4. Прозрачность: 3. Цвет: СинийСимволизирует: Мудрость, Название: Аметист. Цена: 1300. Вес: 2. Прозрачность: 5. Цвет: ФиолетовыйСимволизирует: Лаконичность]
19:54:33,971  INFO main Necklace:totalCost:75 - Вычисляем общую стоимость ожерелья.
19:54:33,971  INFO main Main:main:44 - Общая стоимость ожерелья: 4200
19:54:33,972  INFO main Necklace:totalWeight:60 - Вычисляем общий вес ожерелья.
19:54:33,972  INFO main Main:main:45 - Общий вес ожерелья: 12
19:54:33,974  INFO main Necklace:sortGemstonesByCost:89 - Сортируем камни в ожерелье по стоимости.
19:54:33,974  INFO main Main:main:48 - Отсортировано по стоимости камней: 
[Название: Агат. Цена: 1500. Вес: 6. Прозрачность: 1. Цвет: РозовыйСимволизирует: Здоровье, Название: Опал. Цена: 1400. Вес: 4. Прозрачность: 3. Цвет: СинийСимволизирует: Мудрость, Название: Аметист. Цена: 1300. Вес: 2. Прозрачность: 5. Цвет: ФиолетовыйСимволизирует: Лаконичность]
19:56:58,980  INFO main RealPreciousGemsBuilder:<init>:23 - 
НОВОЕ ОЖЕРЕЛЬЕ
19:56:58,987 TRACE main RealPreciousGemsBuilder:buildGems:33 - Отбираем камни для ожерелья
19:56:59,016  INFO main Main:main:30 - Это ожерелье из натуральных драгоценных камней.
19:56:59,017  INFO main Main:main:31 - Состав ожерелья[Название: Бриллиант. Цена: 500. Вес: 2. Прозрачность: 1. Цвет: Розовый. Способ огранки: Круглая. Прочность: 5. Страна происхождения: Германия, Название: Сапфир. Цена: 400. Вес: 2. Прозрачность: 3. Цвет: Синий. Способ огранки: Ступенчатай. Прочность: 4. Страна происхождения: Италия, Название: Рубин. Цена: 300. Вес: 2. Прозрачность: 5. Цвет: Красный. Способ огранки: Капельная. Прочность: 4. Страна происхождения: Россия]
19:56:59,017  INFO main Necklace:totalCost:75 - Вычисляем общую стоимость ожерелья.
19:56:59,018  INFO main Main:main:32 - Общая стоимость ожерелья: 1200
19:56:59,019  INFO main Necklace:totalWeight:60 - Вычисляем общий вес ожерелья.
19:56:59,019  INFO main Main:main:33 - Общий вес ожерелья: 6
19:56:59,020  INFO main Necklace:sortGemstonesByCost:89 - Сортируем камни в ожерелье по стоимости.
19:56:59,023  INFO main Main:main:36 - Отсортировано по стоимости камней: 
[Название: Рубин. Цена: 300. Вес: 2. Прозрачность: 5. Цвет: Красный. Способ огранки: Капельная. Прочность: 4. Страна происхождения: Россия, Название: Сапфир. Цена: 400. Вес: 2. Прозрачность: 3. Цвет: Синий. Способ огранки: Ступенчатай. Прочность: 4. Страна происхождения: Италия, Название: Бриллиант. Цена: 500. Вес: 2. Прозрачность: 1. Цвет: Розовый. Способ огранки: Круглая. Прочность: 5. Страна происхождения: Германия]
19:56:59,024 DEBUG main Necklace:collectByOpacity:205 - Границы прозрачности от 2 до 4
19:56:59,024  INFO main Necklace:findGemstonesByOpacity:136 - Ищем крайние границы нужной прозрачности.
19:56:59,025  INFO main Necklace:sortGemstonesByOpacity:110 - Сортируем камни в ожерелье по прозрачности.
19:56:59,028  INFO main Main:main:38 - Заданным условиям прозрачности в ожерелье отвечают следующие камни: 
Название: Сапфир. Цена: 400. Вес: 2. Прозрачность: 3. Цвет: Синий. Способ огранки: Ступенчатай. Прочность: 4. Страна происхождения: Италия
19:56:59,029  INFO main SemiPreciousGemsBuilder:<init>:28 - 
НОВОЕ ОЖЕРЕЛЬЕ
19:56:59,029 TRACE main SemiPreciousGemsBuilder:buildGems:38 - Отбираем камни для ожерелья
19:56:59,031  INFO main Main:main:42 - Это ожерелье из полудрагоценных камней.
19:56:59,031  INFO main Main:main:43 - Состав ожерелья[Название: Агат. Цена: 1500. Вес: 6. Прозрачность: 1. Цвет: РозовыйСимволизирует: Здоровье, Название: Опал. Цена: 1400. Вес: 4. Прозрачность: 3. Цвет: СинийСимволизирует: Мудрость, Название: Аметист. Цена: 1300. Вес: 2. Прозрачность: 5. Цвет: ФиолетовыйСимволизирует: Лаконичность]
19:56:59,032  INFO main Necklace:totalCost:75 - Вычисляем общую стоимость ожерелья.
19:56:59,033  INFO main Main:main:44 - Общая стоимость ожерелья: 4200
19:56:59,034  INFO main Necklace:totalWeight:60 - Вычисляем общий вес ожерелья.
19:56:59,034  INFO main Main:main:45 - Общий вес ожерелья: 12
19:56:59,035  INFO main Necklace:sortGemstonesByCost:89 - Сортируем камни в ожерелье по стоимости.
19:56:59,035  INFO main Main:main:48 - Отсортировано по стоимости камней: 
[Название: Агат. Цена: 1500. Вес: 6. Прозрачность: 1. Цвет: РозовыйСимволизирует: Здоровье, Название: Опал. Цена: 1400. Вес: 4. Прозрачность: 3. Цвет: СинийСимволизирует: Мудрость, Название: Аметист. Цена: 1300. Вес: 2. Прозрачность: 5. Цвет: ФиолетовыйСимволизирует: Лаконичность]
19:57:49,031  INFO main RealPreciousGemsBuilder:<init>:23 - 
НОВОЕ ОЖЕРЕЛЬЕ
19:57:49,052 TRACE main RealPreciousGemsBuilder:buildGems:33 - Отбираем камни для ожерелья
19:57:49,065  INFO main Main:main:30 - Это ожерелье из натуральных драгоценных камней.
19:57:49,067  INFO main Main:main:31 - Состав ожерелья[Название: Бриллиант. Цена: 500. Вес: 2. Прозрачность: 1. Цвет: Розовый. Способ огранки: Круглая. Прочность: 5. Страна происхождения: Германия, Название: Сапфир. Цена: 400. Вес: 2. Прозрачность: 3. Цвет: Синий. Способ огранки: Ступенчатай. Прочность: 4. Страна происхождения: Италия, Название: Рубин. Цена: 300. Вес: 2. Прозрачность: 5. Цвет: Красный. Способ огранки: Капельная. Прочность: 4. Страна происхождения: Россия]
19:57:49,067  INFO main Necklace:totalCost:75 - Вычисляем общую стоимость ожерелья.
19:57:49,068  INFO main Main:main:32 - Общая стоимость ожерелья: 1200
19:57:49,069  INFO main Necklace:totalWeight:60 - Вычисляем общий вес ожерелья.
19:57:49,069  INFO main Main:main:33 - Общий вес ожерелья: 6
19:57:49,070  INFO main Necklace:sortGemstonesByCost:89 - Сортируем камни в ожерелье по стоимости.
19:57:49,072  INFO main Main:main:36 - Отсортировано по стоимости камней: 
[Название: Рубин. Цена: 300. Вес: 2. Прозрачность: 5. Цвет: Красный. Способ огранки: Капельная. Прочность: 4. Страна происхождения: Россия, Название: Сапфир. Цена: 400. Вес: 2. Прозрачность: 3. Цвет: Синий. Способ огранки: Ступенчатай. Прочность: 4. Страна происхождения: Италия, Название: Бриллиант. Цена: 500. Вес: 2. Прозрачность: 1. Цвет: Розовый. Способ огранки: Круглая. Прочность: 5. Страна происхождения: Германия]
19:57:49,073 DEBUG main Necklace:collectByOpacity:205 - Границы прозрачности от 2 до 4
19:57:49,074  INFO main Necklace:findGemstonesByOpacity:136 - Ищем крайние границы нужной прозрачности.
19:57:49,074  INFO main Necklace:sortGemstonesByOpacity:110 - Сортируем камни в ожерелье по прозрачности.
19:57:49,077  INFO main Main:main:38 - Заданным условиям прозрачности в ожерелье отвечают следующие камни: 
Название: Сапфир. Цена: 400. Вес: 2. Прозрачность: 3. Цвет: Синий. Способ огранки: Ступенчатай. Прочность: 4. Страна происхождения: Италия
19:57:49,078  INFO main SemiPreciousGemsBuilder:<init>:28 - 
НОВОЕ ОЖЕРЕЛЬЕ
19:57:49,078 TRACE main SemiPreciousGemsBuilder:buildGems:38 - Отбираем камни для ожерелья
19:57:49,080  INFO main Main:main:42 - Это ожерелье из полудрагоценных камней.
19:57:49,081  INFO main Main:main:43 - Состав ожерелья[Название: Агат. Цена: 1500. Вес: 6. Прозрачность: 1. Цвет: РозовыйСимволизирует: Здоровье, Название: Опал. Цена: 1400. Вес: 4. Прозрачность: 3. Цвет: СинийСимволизирует: Мудрость, Название: Аметист. Цена: 1300. Вес: 2. Прозрачность: 5. Цвет: ФиолетовыйСимволизирует: Лаконичность]
19:57:49,081  INFO main Necklace:totalCost:75 - Вычисляем общую стоимость ожерелья.
19:57:49,082  INFO main Main:main:44 - Общая стоимость ожерелья: 4200
19:57:49,082  INFO main Necklace:totalWeight:60 - Вычисляем общий вес ожерелья.
19:57:49,083  INFO main Main:main:45 - Общий вес ожерелья: 12
19:57:49,083  INFO main Necklace:sortGemstonesByCost:89 - Сортируем камни в ожерелье по стоимости.
19:57:49,084  INFO main Main:main:48 - Отсортировано по стоимости камней: 
[Название: Агат. Цена: 1500. Вес: 6. Прозрачность: 1. Цвет: РозовыйСимволизирует: Здоровье, Название: Опал. Цена: 1400. Вес: 4. Прозрачность: 3. Цвет: СинийСимволизирует: Мудрость, Название: Аметист. Цена: 1300. Вес: 2. Прозрачность: 5. Цвет: ФиолетовыйСимволизирует: Лаконичность]
19:57:49,085 DEBUG main Necklace:collectByOpacity:205 - Границы прозрачности от -1 до 3
19:57:49,085  INFO main Necklace:findGemstonesByOpacity:136 - Ищем крайние границы нужной прозрачности.
19:57:49,086  INFO main Necklace:sortGemstonesByOpacity:110 - Сортируем камни в ожерелье по прозрачности.
19:57:49,086  INFO main Main:main:50 - Заданным условиям прозрачности в ожерелье отвечают следующие камни: 
Название: Агат. Цена: 1500. Вес: 6. Прозрачность: 1. Цвет: РозовыйСимволизирует: Здоровье
19:57:49,087  INFO main SemiPreciousGemsBuilder:<init>:23 - 
НОВОЕ ОЖЕРЕЛЬЕ
19:57:49,087 TRACE main SemiPreciousGemsBuilder:buildGems:33 - Отбираем камни для ожерелья
19:57:49,089  INFO main Main:main:54 - Это ожерелье из искусственных драгоценных камней.
19:57:49,090  INFO main Main:main:55 - Состав ожерелья[Название: Бриллиант. Цена: 2500. Вес: 2. Прозрачность: 1. Цвет: Розовый. Способ огранки: Круглая. Прочность: 5Возраст: 10, Название: Сапфир. Цена: 2400. Вес: 2. Прозрачность: 3. Цвет: Синий. Способ огранки: Ступенчатай. Прочность: 4Возраст: 5, Название: Рубин. Цена: 2300. Вес: 2. Прозрачность: 5. Цвет: Красный. Способ огранки: Капельная. Прочность: 4Возраст: 3]
19:57:49,090  INFO main Necklace:totalCost:75 - Вычисляем общую стоимость ожерелья.
19:57:49,091  INFO main Main:main:56 - Общая стоимость ожерелья: 7200
19:57:49,091  INFO main Necklace:totalWeight:60 - Вычисляем общий вес ожерелья.
19:57:49,092  INFO main Main:main:57 - Общий вес ожерелья: 6
19:57:49,092  INFO main Necklace:sortGemstonesByCost:89 - Сортируем камни в ожерелье по стоимости.
19:57:49,093  INFO main Main:main:60 - Отсортировано по стоимости камней: 
[Название: Бриллиант. Цена: 2500. Вес: 2. Прозрачность: 1. Цвет: Розовый. Способ огранки: Круглая. Прочность: 5Возраст: 10, Название: Сапфир. Цена: 2400. Вес: 2. Прозрачность: 3. Цвет: Синий. Способ огранки: Ступенчатай. Прочность: 4Возраст: 5, Название: Рубин. Цена: 2300. Вес: 2. Прозрачность: 5. Цвет: Красный. Способ огранки: Капельная. Прочность: 4Возраст: 3]
19:57:49,093 DEBUG main Necklace:collectByOpacity:205 - Границы прозрачности от 2 до 4
19:57:49,094  INFO main Necklace:findGemstonesByOpacity:136 - Ищем крайние границы нужной прозрачности.
19:57:49,095  INFO main Necklace:sortGemstonesByOpacity:110 - Сортируем камни в ожерелье по прозрачности.
19:57:49,099  INFO main Main:main:62 - Заданным условиям прозрачности в ожерелье отвечают следующие камни: 
Название: Сапфир. Цена: 2400. Вес: 2. Прозрачность: 3. Цвет: Синий. Способ огранки: Ступенчатай. Прочность: 4Возраст: 5
19:59:32,186  INFO main RealPreciousGemsBuilder:<init>:23 - 
НОВОЕ ОЖЕРЕЛЬЕ
19:59:32,197 TRACE main RealPreciousGemsBuilder:buildGems:33 - Отбираем камни для ожерелья
19:59:32,210  INFO main Main:main:30 - Это ожерелье из натуральных драгоценных камней.
19:59:32,210  INFO main Main:main:31 - Состав ожерелья[Название: Бриллиант. Цена: 500. Вес: 2. Прозрачность: 1. Цвет: Розовый. Способ огранки: Круглая. Прочность: 5. Страна происхождения: Германия, Название: Сапфир. Цена: 400. Вес: 2. Прозрачность: 3. Цвет: Синий. Способ огранки: Ступенчатай. Прочность: 4. Страна происхождения: Италия, Название: Рубин. Цена: 300. Вес: 2. Прозрачность: 5. Цвет: Красный. Способ огранки: Капельная. Прочность: 4. Страна происхождения: Россия]
19:59:32,211  INFO main Necklace:totalCost:75 - Вычисляем общую стоимость ожерелья.
19:59:32,212  INFO main Main:main:32 - Общая стоимость ожерелья: 1200
19:59:32,213  INFO main Necklace:totalWeight:60 - Вычисляем общий вес ожерелья.
19:59:32,213  INFO main Main:main:33 - Общий вес ожерелья: 6
19:59:32,214  INFO main Necklace:sortGemstonesByCost:89 - Сортируем камни в ожерелье по стоимости.
19:59:32,216  INFO main Main:main:36 - Отсортировано по стоимости камней: 
[Название: Рубин. Цена: 300. Вес: 2. Прозрачность: 5. Цвет: Красный. Способ огранки: Капельная. Прочность: 4. Страна происхождения: Россия, Название: Сапфир. Цена: 400. Вес: 2. Прозрачность: 3. Цвет: Синий. Способ огранки: Ступенчатай. Прочность: 4. Страна происхождения: Италия, Название: Бриллиант. Цена: 500. Вес: 2. Прозрачность: 1. Цвет: Розовый. Способ огранки: Круглая. Прочность: 5. Страна происхождения: Германия]
19:59:32,217 DEBUG main Necklace:collectByOpacity:201 - Границы прозрачности от 2 до 4
19:59:32,217  INFO main Necklace:findGemstonesByOpacity:136 - Ищем крайние границы нужной прозрачности.
19:59:32,218  INFO main Necklace:sortGemstonesByOpacity:110 - Сортируем камни в ожерелье по прозрачности.
19:59:32,221  INFO main Main:main:38 - Заданным условиям прозрачности в ожерелье отвечают следующие камни: 
Название: Сапфир. Цена: 400. Вес: 2. Прозрачность: 3. Цвет: Синий. Способ огранки: Ступенчатай. Прочность: 4. Страна происхождения: Италия
19:59:32,221  INFO main SemiPreciousGemsBuilder:<init>:28 - 
НОВОЕ ОЖЕРЕЛЬЕ
19:59:32,222 TRACE main SemiPreciousGemsBuilder:buildGems:38 - Отбираем камни для ожерелья
19:59:32,224  INFO main Main:main:42 - Это ожерелье из полудрагоценных камней.
19:59:32,224  INFO main Main:main:43 - Состав ожерелья[Название: Агат. Цена: 1500. Вес: 6. Прозрачность: 1. Цвет: РозовыйСимволизирует: Здоровье, Название: Опал. Цена: 1400. Вес: 4. Прозрачность: 3. Цвет: СинийСимволизирует: Мудрость, Название: Аметист. Цена: 1300. Вес: 2. Прозрачность: 5. Цвет: ФиолетовыйСимволизирует: Лаконичность]
19:59:32,225  INFO main Necklace:totalCost:75 - Вычисляем общую стоимость ожерелья.
19:59:32,226  INFO main Main:main:44 - Общая стоимость ожерелья: 4200
19:59:32,226  INFO main Necklace:totalWeight:60 - Вычисляем общий вес ожерелья.
19:59:32,227  INFO main Main:main:45 - Общий вес ожерелья: 12
19:59:32,227  INFO main Necklace:sortGemstonesByCost:89 - Сортируем камни в ожерелье по стоимости.
19:59:32,228  INFO main Main:main:48 - Отсортировано по стоимости камней: 
[Название: Агат. Цена: 1500. Вес: 6. Прозрачность: 1. Цвет: РозовыйСимволизирует: Здоровье, Название: Опал. Цена: 1400. Вес: 4. Прозрачность: 3. Цвет: СинийСимволизирует: Мудрость, Название: Аметист. Цена: 1300. Вес: 2. Прозрачность: 5. Цвет: ФиолетовыйСимволизирует: Лаконичность]
19:59:32,228 DEBUG main Necklace:collectByOpacity:201 - Границы прозрачности от -1 до 3
19:59:32,229  INFO main Necklace:findGemstonesByOpacity:136 - Ищем крайние границы нужной прозрачности.
19:59:32,229  INFO main Necklace:sortGemstonesByOpacity:110 - Сортируем камни в ожерелье по прозрачности.
19:59:32,230  INFO main Main:main:50 - Заданным условиям прозрачности в ожерелье отвечают следующие камни: 
Название: Агат. Цена: 1500. Вес: 6. Прозрачность: 1. Цвет: РозовыйСимволизирует: Здоровье
19:59:32,231  INFO main SemiPreciousGemsBuilder:<init>:23 - 
НОВОЕ ОЖЕРЕЛЬЕ
19:59:32,231 TRACE main SemiPreciousGemsBuilder:buildGems:33 - Отбираем камни для ожерелья
19:59:32,233  INFO main Main:main:54 - Это ожерелье из искусственных драгоценных камней.
19:59:32,233  INFO main Main:main:55 - Состав ожерелья[Название: Бриллиант. Цена: 2500. Вес: 2. Прозрачность: 1. Цвет: Розовый. Способ огранки: Круглая. Прочность: 5Возраст: 10, Название: Сапфир. Цена: 2400. Вес: 2. Прозрачность: 3. Цвет: Синий. Способ огранки: Ступенчатай. Прочность: 4Возраст: 5, Название: Рубин. Цена: 2300. Вес: 2. Прозрачность: 5. Цвет: Красный. Способ огранки: Капельная. Прочность: 4Возраст: 3]
19:59:32,234  INFO main Necklace:totalCost:75 - Вычисляем общую стоимость ожерелья.
19:59:32,234  INFO main Main:main:56 - Общая стоимость ожерелья: 7200
19:59:32,235  INFO main Necklace:totalWeight:60 - Вычисляем общий вес ожерелья.
19:59:32,237  INFO main Main:main:57 - Общий вес ожерелья: 6
19:59:32,237  INFO main Necklace:sortGemstonesByCost:89 - Сортируем камни в ожерелье по стоимости.
19:59:32,246  INFO main Main:main:60 - Отсортировано по стоимости камней: 
[Название: Бриллиант. Цена: 2500. Вес: 2. Прозрачность: 1. Цвет: Розовый. Способ огранки: Круглая. Прочность: 5Возраст: 10, Название: Сапфир. Цена: 2400. Вес: 2. Прозрачность: 3. Цвет: Синий. Способ огранки: Ступенчатай. Прочность: 4Возраст: 5, Название: Рубин. Цена: 2300. Вес: 2. Прозрачность: 5. Цвет: Красный. Способ огранки: Капельная. Прочность: 4Возраст: 3]
19:59:32,247 DEBUG main Necklace:collectByOpacity:201 - Границы прозрачности от 2 до 4
19:59:32,248  INFO main Necklace:findGemstonesByOpacity:136 - Ищем крайние границы нужной прозрачности.
19:59:32,248  INFO main Necklace:sortGemstonesByOpacity:110 - Сортируем камни в ожерелье по прозрачности.
19:59:32,249  INFO main Main:main:62 - Заданным условиям прозрачности в ожерелье отвечают следующие камни: 
Название: Сапфир. Цена: 2400. Вес: 2. Прозрачность: 3. Цвет: Синий. Способ огранки: Ступенчатай. Прочность: 4Возраст: 5
